<?xml version="1.0" encoding="UTF-8"?>
<!-- Generated by org.testng.reporters.JUnitReportReporter -->
<testsuite hostname="ICTDEV-W17" failures="0" tests="2" name="com.qa.test.ReportsPageTest" time="70.176" errors="0" timestamp="2022-11-08T16:21:47 IST" skipped="0">
  <testcase classname="com.qa.test.ReportsPageTest" name="VerifyUserTitleLableTest" time="34.357"/>
  <system-out/>
  <testcase classname="com.qa.test.ReportsPageTest" name="GenerateLeaveReport" time="35.819"/>
  <system-out/>
</testsuite> <!-- com.qa.test.ReportsPageTest -->
