<?xml version="1.0" encoding="UTF-8"?>
<!-- Generated by org.testng.reporters.JUnitReportReporter -->
<testsuite hostname="ICTDEV-W17" failures="0" tests="2" name="com.qa.test.ApproveTimePageTest" time="51.845" errors="0" timestamp="2022-11-08T16:21:47 IST" skipped="0">
  <testcase classname="com.qa.test.ApproveTimePageTest" name="VerifyUserTitleLableTest" time="24.137"/>
  <system-out/>
  <testcase classname="com.qa.test.ApproveTimePageTest" name="ApproveTime" time="27.708"/>
  <system-out/>
</testsuite> <!-- com.qa.test.ApproveTimePageTest -->
