<?xml version="1.0" encoding="UTF-8"?>
<!-- Generated by org.testng.reporters.JUnitReportReporter -->
<testsuite hostname="ICTDEV-W17" failures="0" tests="2" name="com.qa.test.LoginPageTest" time="55.103" errors="0" timestamp="2022-11-08T16:21:47 IST" skipped="0">
  <testcase classname="com.qa.test.LoginPageTest" name="LoginPageTitleTest" time="38.266"/>
  <system-out/>
  <testcase classname="com.qa.test.LoginPageTest" name="ValidateLoginTest" time="16.837"/>
  <system-out/>
</testsuite> <!-- com.qa.test.LoginPageTest -->
