<?xml version="1.0" encoding="UTF-8"?>
<!-- Generated by org.testng.reporters.JUnitReportReporter -->
<testsuite hostname="ICTDEV-W17" failures="0" tests="1" name="com.qa.test.UsersPageTest" time="31.674" errors="0" timestamp="2022-11-08T16:21:47 IST" skipped="0">
  <testcase classname="com.qa.test.UsersPageTest" name="VerifyUserTitleLableTest" time="31.674"/>
  <system-out/>
</testsuite> <!-- com.qa.test.UsersPageTest -->
