<?xml version="1.0" encoding="UTF-8"?>
<!-- Generated by org.testng.reporters.JUnitReportReporter -->
<testsuite hostname="ICTDEV-W17" failures="0" tests="4" name="com.qa.test.HomePageTest" time="97.969" errors="0" timestamp="2022-11-08T16:21:47 IST" skipped="0">
  <testcase classname="com.qa.test.HomePageTest" name="VerifyPageTitleTest" time="17.354"/>
  <system-out/>
  <testcase classname="com.qa.test.HomePageTest" name="ClickOnUsersLink" time="21.636"/>
  <system-out/>
  <testcase classname="com.qa.test.HomePageTest" name="ClickOnApproveTimeTrackLink" time="27.717"/>
  <system-out/>
  <testcase classname="com.qa.test.HomePageTest" name="ClickOnReportLink" time="31.262"/>
  <system-out/>
</testsuite> <!-- com.qa.test.HomePageTest -->
